<?xml version="1.0" encoding="UTF-8"?>
<!-- Generated by org.testng.reporters.JUnitXMLReporter -->
<testsuite ignored="0" hostname="AmitSen-PC" failures="0" tests="4" name="GmailValidation" time="26.43" errors="0" timestamp="2020-03-04T10:46:01 IST">
  <testcase classname="testCode_Mod8.gmailValidation" name="a_validateLogin" time="11.697"/>
  <testcase classname="testCode_Mod8.gmailValidation" name="b_validateSendMail" time="11.492"/>
  <testcase classname="testCode_Mod8.gmailValidation" name="c_validateLogout" time="2.522"/>
  <testcase classname="testCode_Mod8.gmailValidation" name="d_browserClose" time="0.679"/>
</testsuite> <!-- GmailValidation -->
